# JRE version: Java(TM) SE Runtime Environment (8.0_241-b07) (build 1.8.0_241-b07)
# Java VM: Java HotSpot(TM) 64-Bit Server VM (25.241-b07 mixed mode windows-amd64 compressed oops)
Heap:
 PSYoungGen      total 138752K, used 64047K [0x00000000d6600000, 0x00000000e3300000, 0x0000000100000000)
  eden space 130048K, 49% used [0x00000000d6600000,0x00000000da48bd48,0x00000000de500000)
  from space 8704K, 0% used [0x00000000de500000,0x00000000de500000,0x00000000ded80000)
  to   space 11264K, 0% used [0x00000000e2800000,0x00000000e2800000,0x00000000e3300000)
 ParOldGen       total 82432K, used 17699K [0x0000000083200000, 0x0000000088280000, 0x00000000d6600000)
  object space 82432K, 21% used [0x0000000083200000,0x0000000084348f98,0x0000000088280000)
 Metaspace       used 40068K, capacity 41779K, committed 42112K, reserved 1085440K
  class space    used 5605K, capacity 5938K, committed 6016K, reserved 1048576K
GC Heap History (10 events):
Event: 2.377 GC heap before
{Heap before GC invocations=5 (full 0):
 PSYoungGen      total 70656K, used 21374K [0x00000000d6600000, 0x00000000db000000, 0x0000000100000000)
  eden space 65536K, 24% used [0x00000000d6600000,0x00000000d75e5da8,0x00000000da600000)
  from space 5120K, 99% used [0x00000000dab00000,0x00000000daff9c58,0x00000000db000000)
  to   space 5120K, 0% used [0x00000000da600000,0x00000000da600000,0x00000000dab00000)
 ParOldGen       total 86016K, used 7417K [0x0000000083200000, 0x0000000088600000, 0x00000000d6600000)
  object space 86016K, 8% used [0x0000000083200000,0x000000008393e4f0,0x0000000088600000)
 Metaspace       used 20189K, capacity 21129K, committed 21296K, reserved 1067008K
  class space    used 2736K, capacity 2944K, committed 2944K, reserved 1048576K
Event: 2.389 GC heap after
Heap after GC invocations=5 (full 0):
 PSYoungGen      total 70656K, used 5102K [0x00000000d6600000, 0x00000000df800000, 0x0000000100000000)
  eden space 65536K, 0% used [0x00000000d6600000,0x00000000d6600000,0x00000000da600000)
  from space 5120K, 99% used [0x00000000da600000,0x00000000daafb940,0x00000000dab00000)
  to   space 9216K, 0% used [0x00000000def00000,0x00000000def00000,0x00000000df800000)
 ParOldGen       total 86016K, used 9156K [0x0000000083200000, 0x0000000088600000, 0x00000000d6600000)
  object space 86016K, 10% used [0x0000000083200000,0x0000000083af12f8,0x0000000088600000)
 Metaspace       used 20189K, capacity 21129K, committed 21296K, reserved 1067008K
  class space    used 2736K, capacity 2944K, committed 2944K, reserved 1048576K
}
Event: 2.389 GC heap before
{Heap before GC invocations=6 (full 1):
 PSYoungGen      total 70656K, used 5102K [0x00000000d6600000, 0x00000000df800000, 0x0000000100000000)
  eden space 65536K, 0% used [0x00000000d6600000,0x00000000d6600000,0x00000000da600000)
  from space 5120K, 99% used [0x00000000da600000,0x00000000daafb940,0x00000000dab00000)
  to   space 9216K, 0% used [0x00000000def00000,0x00000000def00000,0x00000000df800000)
 ParOldGen       total 86016K, used 9156K [0x0000000083200000, 0x0000000088600000, 0x00000000d6600000)
  object space 86016K, 10% used [0x0000000083200000,0x0000000083af12f8,0x0000000088600000)
 Metaspace       used 20189K, capacity 21129K, committed 21296K, reserved 1067008K
  class space    used 2736K, capacity 2944K, committed 2944K, reserved 1048576K
Event: 2.448 GC heap after
Heap after GC invocations=6 (full 1):
 PSYoungGen      total 70656K, used 0K [0x00000000d6600000, 0x00000000df800000, 0x0000000100000000)
  eden space 65536K, 0% used [0x00000000d6600000,0x00000000d6600000,0x00000000da600000)
  from space 5120K, 0% used [0x00000000da600000,0x00000000da600000,0x00000000dab00000)
  to   space 9216K, 0% used [0x00000000def00000,0x00000000def00000,0x00000000df800000)
 ParOldGen       total 52224K, used 7314K [0x0000000083200000, 0x0000000086500000, 0x00000000d6600000)
  object space 52224K, 14% used [0x0000000083200000,0x00000000839248d0,0x0000000086500000)
 Metaspace       used 20189K, capacity 21129K, committed 21296K, reserved 1067008K
  class space    used 2736K, capacity 2944K, committed 2944K, reserved 1048576K
}
Event: 3.164 GC heap before
{Heap before GC invocations=7 (full 1):
 PSYoungGen      total 70656K, used 65517K [0x00000000d6600000, 0x00000000df800000, 0x0000000100000000)
  eden space 65536K, 99% used [0x00000000d6600000,0x00000000da5fb4e0,0x00000000da600000)
  from space 5120K, 0% used [0x00000000da600000,0x00000000da600000,0x00000000dab00000)
  to   space 9216K, 0% used [0x00000000def00000,0x00000000def00000,0x00000000df800000)
 ParOldGen       total 52224K, used 7314K [0x0000000083200000, 0x0000000086500000, 0x00000000d6600000)
  object space 52224K, 14% used [0x0000000083200000,0x00000000839248d0,0x0000000086500000)
 Metaspace       used 24637K, capacity 26267K, committed 26496K, reserved 1073152K
  class space    used 3364K, capacity 3670K, committed 3712K, reserved 1048576K
Event: 3.176 GC heap after
Heap after GC invocations=7 (full 1):
 PSYoungGen      total 119296K, used 6868K [0x00000000d6600000, 0x00000000df600000, 0x0000000100000000)
  eden space 112128K, 0% used [0x00000000d6600000,0x00000000d6600000,0x00000000dd380000)
  from space 7168K, 95% used [0x00000000def00000,0x00000000df5b5098,0x00000000df600000)
  to   space 8704K, 0% used [0x00000000de500000,0x00000000de500000,0x00000000ded80000)
 ParOldGen       total 52224K, used 7322K [0x0000000083200000, 0x0000000086500000, 0x00000000d6600000)
  object space 52224K, 14% used [0x0000000083200000,0x00000000839268d0,0x0000000086500000)
 Metaspace       used 24637K, capacity 26267K, committed 26496K, reserved 1073152K
  class space    used 3364K, capacity 3670K, committed 3712K, reserved 1048576K
}
Event: 4.199 GC heap before
{Heap before GC invocations=8 (full 1):
 PSYoungGen      total 119296K, used 89734K [0x00000000d6600000, 0x00000000df600000, 0x0000000100000000)
  eden space 112128K, 73% used [0x00000000d6600000,0x00000000db6eca10,0x00000000dd380000)
  from space 7168K, 95% used [0x00000000def00000,0x00000000df5b5098,0x00000000df600000)
  to   space 8704K, 0% used [0x00000000de500000,0x00000000de500000,0x00000000ded80000)
 ParOldGen       total 52224K, used 7322K [0x0000000083200000, 0x0000000086500000, 0x00000000d6600000)
  object space 52224K, 14% used [0x0000000083200000,0x00000000839268d0,0x0000000086500000)
 Metaspace       used 33619K, capacity 35259K, committed 35456K, reserved 1079296K
  class space    used 4615K, capacity 4956K, committed 4992K, reserved 1048576K
Event: 4.221 GC heap after
Heap after GC invocations=8 (full 1):
 PSYoungGen      total 138752K, used 8694K [0x00000000d6600000, 0x00000000e3300000, 0x0000000100000000)
  eden space 130048K, 0% used [0x00000000d6600000,0x00000000d6600000,0x00000000de500000)
  from space 8704K, 99% used [0x00000000de500000,0x00000000ded7d9d0,0x00000000ded80000)
  to   space 11264K, 0% used [0x00000000e2800000,0x00000000e2800000,0x00000000e3300000)
 ParOldGen       total 52224K, used 10837K [0x0000000083200000, 0x0000000086500000, 0x00000000d6600000)
  object space 52224K, 20% used [0x0000000083200000,0x0000000083c954f0,0x0000000086500000)
 Metaspace       used 33619K, capacity 35259K, committed 35456K, reserved 1079296K
  class space    used 4615K, capacity 4956K, committed 4992K, reserved 1048576K
}
Event: 4.221 GC heap before
{Heap before GC invocations=9 (full 2):
 PSYoungGen      total 138752K, used 8694K [0x00000000d6600000, 0x00000000e3300000, 0x0000000100000000)
  eden space 130048K, 0% used [0x00000000d6600000,0x00000000d6600000,0x00000000de500000)
  from space 8704K, 99% used [0x00000000de500000,0x00000000ded7d9d0,0x00000000ded80000)
  to   space 11264K, 0% used [0x00000000e2800000,0x00000000e2800000,0x00000000e3300000)
 ParOldGen       total 52224K, used 10837K [0x0000000083200000, 0x0000000086500000, 0x00000000d6600000)
  object space 52224K, 20% used [0x0000000083200000,0x0000000083c954f0,0x0000000086500000)
 Metaspace       used 33619K, capacity 35259K, committed 35456K, reserved 1079296K
  class space    used 4615K, capacity 4956K, committed 4992K, reserved 1048576K
Event: 4.333 GC heap after
Heap after GC invocations=9 (full 2):
 PSYoungGen      total 138752K, used 0K [0x00000000d6600000, 0x00000000e3300000, 0x0000000100000000)
  eden space 130048K, 0% used [0x00000000d6600000,0x00000000d6600000,0x00000000de500000)
  from space 8704K, 0% used [0x00000000de500000,0x00000000de500000,0x00000000ded80000)
  to   space 11264K, 0% used [0x00000000e2800000,0x00000000e2800000,0x00000000e3300000)
 ParOldGen       total 82432K, used 17699K [0x0000000083200000, 0x0000000088280000, 0x00000000d6600000)
  object space 82432K, 21% used [0x0000000083200000,0x0000000084348f98,0x0000000088280000)
 Metaspace       used 33619K, capacity 35259K, committed 35456K, reserved 1079296K
  class space    used 4615K, capacity 4956K, committed 4992K, reserved 1048576K
}

